<?xml version="1.0" encoding="UTF-8"?>
<testng-results ignored="1" total="2" passed="1" failed="0" skipped="0">
  <reporter-output>
  </reporter-output>
  <suite started-at="2025-06-27T23:04:31 IST" name="Default suite" finished-at="2025-06-27T23:04:37 IST" duration-ms="5784">
    <groups>
    </groups>
    <test started-at="2025-06-27T23:04:31 IST" name="Default test" finished-at="2025-06-27T23:04:37 IST" duration-ms="5784">
      <class name="day2_Post.Post_Demo_1">
        <test-method signature="f1()[pri:0, instance:day2_Post.Post_Demo_1@11bd0f3b]" started-at="2025-06-27T23:04:31 IST" name="f1" finished-at="2025-06-27T23:04:37 IST" duration-ms="5735" status="PASS">
          <reporter-output>
          </reporter-output>
        </test-method> <!-- f1 -->
      </class> <!-- day2_Post.Post_Demo_1 -->
    </test> <!-- Default test -->
  </suite> <!-- Default suite -->
</testng-results>
