<?xml version="1.0" encoding="UTF-8"?>
<testng-results ignored="0" total="1" passed="1" failed="0" skipped="0">
  <reporter-output>
  </reporter-output>
  <suite started-at="2022-07-17T20:20:47 IST" name="Default suite" finished-at="2022-07-17T20:20:53 IST" duration-ms="6028">
    <groups>
    </groups>
    <test started-at="2022-07-17T20:20:47 IST" name="Default test" finished-at="2022-07-17T20:20:53 IST" duration-ms="6028">
      <class name="GitHub.repoReqChaining">
        <test-method signature="Repo()[pri:0, instance:GitHub.repoReqChaining@378542de]" started-at="2022-07-17T20:20:47 IST" name="Repo" finished-at="2022-07-17T20:20:53 IST" duration-ms="5945" status="PASS">
          <reporter-output>
          </reporter-output>
        </test-method> <!-- Repo -->
      </class> <!-- GitHub.repoReqChaining -->
    </test> <!-- Default test -->
  </suite> <!-- Default suite -->
</testng-results>
