<?xml version="1.0" encoding="UTF-8"?>
<!-- Generated by org.testng.reporters.JUnitReportReporter -->
<testsuite hostname="SUBHADEEP" failures="0" tests="2" name="day2_Post.Post_Demo_1" time="5.735" errors="0" timestamp="2025-06-27T23:04:37 IST" skipped="1">
  <testcase classname="day2_Post.Post_Demo_1" name="f1" time="5.735"/>
  <system-out/>
  <testcase classname="day2_Post.Post_Demo_1" name="f">
    <skipped/>
  </testcase> <!-- f -->
  <system-out/>
</testsuite> <!-- day2_Post.Post_Demo_1 -->
